   1              		.cpu arm7tdmi
   2              		.fpu softvfp
   3              		.eabi_attribute 20, 1
   4              		.eabi_attribute 21, 1
   5              		.eabi_attribute 23, 3
   6              		.eabi_attribute 24, 1
   7              		.eabi_attribute 25, 1
   8              		.eabi_attribute 26, 1
   9              		.eabi_attribute 30, 6
  10              		.eabi_attribute 18, 4
  11              		.file	"main.c"
  21              	.Ltext0:
  22              		.file 1 "../main.c"
 2230              		.align	2
 2231              		.global	Main
 2233              	Main:
 2234              	.LFB0:
   1:../main.c     **** // Fichero:	main.c
   2:../main.c     **** 
   3:../main.c     **** #include "8led.h"
   4:../main.c     **** #include "button.h"
   5:../main.c     **** #include "led.h"
   6:../main.c     **** #include "timer.h"
   7:../main.c     **** #include "44blib.h"
   8:../main.c     **** #include "44b.h"
   9:../main.c     **** #include "timer2.h"
  10:../main.c     **** #include "timer1.h"
  11:../main.c     **** #include "timer3.h"
  12:../main.c     **** #include "sudoku_estados.h"
  13:../main.c     **** 
  14:../main.c     **** void Main(void)
  15:../main.c     **** {
 2235              		.loc 1 15 0
 2236              		.cfi_startproc
 2237              		@ Function supports interworking.
 2238              		@ args = 0, pretend = 0, frame = 0
 2239              		@ frame_needed = 1, uses_anonymous_args = 0
 2240 0000 0DC0A0E1 		mov	ip, sp
 2241              	.LCFI0:
 2242              		.cfi_def_cfa_register 12
 2243 0004 00D82DE9 		stmfd	sp!, {fp, ip, lr, pc}
 2244 0008 04B04CE2 		sub	fp, ip, #4
 2245              		.cfi_offset 14, -8
 2246              		.cfi_offset 13, -12
 2247              		.cfi_offset 11, -16
 2248              	.LCFI1:
 2249              		.cfi_def_cfa 11, 4
  16:../main.c     ****     sys_init();
 2250              		.loc 1 16 0
 2251 000c FEFFFFEB 		bl	sys_init
  17:../main.c     ****     Eint4567_init();
 2252              		.loc 1 17 0
 2253 0010 FEFFFFEB 		bl	Eint4567_init
  18:../main.c     ****     D8Led_init();
 2254              		.loc 1 18 0
 2255 0014 FEFFFFEB 		bl	D8Led_init
  19:../main.c     ****     timer1_init_60Hz();
 2256              		.loc 1 19 0
 2257 0018 FEFFFFEB 		bl	timer1_init_60Hz
  20:../main.c     ****     timer2_init();
 2258              		.loc 1 20 0
 2259 001c FEFFFFEB 		bl	timer2_init
  21:../main.c     ****     timer3_init();
 2260              		.loc 1 21 0
 2261 0020 FEFFFFEB 		bl	timer3_init
  22:../main.c     **** 
  23:../main.c     ****     timer2_start();
 2262              		.loc 1 23 0
 2263 0024 FEFFFFEB 		bl	timer2_start
  24:../main.c     ****     sudoku_init();
 2264              		.loc 1 24 0
 2265 0028 FEFFFFEB 		bl	sudoku_init
  25:../main.c     **** 
  26:../main.c     ****     leds_off();
 2266              		.loc 1 26 0
 2267 002c FEFFFFEB 		bl	leds_off
  27:../main.c     ****     led1_on();
 2268              		.loc 1 27 0
 2269 0030 FEFFFFEB 		bl	led1_on
 2270              	.L2:
  28:../main.c     **** 
  29:../main.c     ****     while (1)
  30:../main.c     ****     {
  31:../main.c     ****         button_gestion_timer();
 2271              		.loc 1 31 0 discriminator 1
 2272 0034 FEFFFFEB 		bl	button_gestion_timer
  32:../main.c     ****         sudoku_tick();
 2273              		.loc 1 32 0 discriminator 1
 2274 0038 FEFFFFEB 		bl	sudoku_tick
  33:../main.c     ****     }
 2275              		.loc 1 33 0 discriminator 1
 2276 003c FCFFFFEA 		b	.L2
 2277              		.cfi_endproc
 2278              	.LFE0:
 2280              	.Letext0:
DEFINED SYMBOLS
                            *ABS*:00000000 main.c
C:\Users\jorge\AppData\Local\Temp\ccBrVhwC.s:2230   .text:00000000 $a
C:\Users\jorge\AppData\Local\Temp\ccBrVhwC.s:2233   .text:00000000 Main
                     .debug_frame:00000010 $d

UNDEFINED SYMBOLS
sys_init
Eint4567_init
D8Led_init
timer1_init_60Hz
timer2_init
timer3_init
timer2_start
sudoku_init
leds_off
led1_on
button_gestion_timer
sudoku_tick
