   1              		.cpu arm7tdmi
   2              		.fpu softvfp
   3              		.eabi_attribute 20, 1
   4              		.eabi_attribute 21, 1
   5              		.eabi_attribute 23, 3
   6              		.eabi_attribute 24, 1
   7              		.eabi_attribute 25, 1
   8              		.eabi_attribute 26, 1
   9              		.eabi_attribute 30, 6
  10              		.eabi_attribute 18, 4
  11              		.file	"medicion.c"
  21              	.Ltext0:
  22              		.file 1 "../medicion.c"
 2221              		.align	2
 2222              	grid_tmp:
 2223 0000 00000000 		.space	162
 2223      00000000 
 2223      00000000 
 2223      00000000 
 2223      00000000 
 2224 00a2 0000     		.text
 2225              		.align	2
 2226              		.global	medir_recalculo_candidatos
 2228              	medir_recalculo_candidatos:
 2229              	.LFB3:
   1:../medicion.c **** #include "medicion.h"
   2:../medicion.c **** #include "sudoku_core.h"
   3:../medicion.c **** #include "celda_local.h"
   4:../medicion.c **** #include "timer2.h"
   5:../medicion.c **** #include "8led.h"
   6:../medicion.c **** #include "44blib.h"
   7:../medicion.c **** #include "44b.h"     /* para (des)enmascarar Timer1 durante la medición */
   8:../medicion.c **** 
   9:../medicion.c **** #define N_MEDICIONES 20
  10:../medicion.c **** 
  11:../medicion.c **** static CELDA grid_tmp[NUM_FILAS][NUM_COLUMNAS];
  12:../medicion.c **** 
  13:../medicion.c **** /* Desactiva latido (Timer1) durante la medición para reducir jitter y lo reactiva al terminar */
  14:../medicion.c **** void medir_recalculo_candidatos(void)
  15:../medicion.c **** {
 2230              		.loc 1 15 0
 2231              		.cfi_startproc
 2232              		@ Function supports interworking.
 2233              		@ args = 0, pretend = 0, frame = 32
 2234              		@ frame_needed = 1, uses_anonymous_args = 0
 2235 0000 0DC0A0E1 		mov	ip, sp
 2236              	.LCFI0:
 2237              		.cfi_def_cfa_register 12
 2238 0004 00D82DE9 		stmfd	sp!, {fp, ip, lr, pc}
 2239 0008 04B04CE2 		sub	fp, ip, #4
 2240              		.cfi_offset 14, -8
 2241              		.cfi_offset 13, -12
 2242              		.cfi_offset 11, -16
 2243              	.LCFI1:
 2244              		.cfi_def_cfa 11, 4
 2245 000c 20D04DE2 		sub	sp, sp, #32
  16:../medicion.c ****     unsigned long suma = 0;
 2246              		.loc 1 16 0
 2247 0010 0030A0E3 		mov	r3, #0
 2248 0014 10300BE5 		str	r3, [fp, #-16]
  17:../medicion.c ****     unsigned int min = 0xFFFFFFFFu;
 2249              		.loc 1 17 0
 2250 0018 0030E0E3 		mvn	r3, #0
 2251 001c 14300BE5 		str	r3, [fp, #-20]
  18:../medicion.c ****     unsigned int max = 0;
 2252              		.loc 1 18 0
 2253 0020 0030A0E3 		mov	r3, #0
 2254 0024 18300BE5 		str	r3, [fp, #-24]
  19:../medicion.c ****     unsigned int media;
  20:../medicion.c ****     int i;
  21:../medicion.c **** 
  22:../medicion.c ****     for (i = 0; i < N_MEDICIONES; ++i) {
 2255              		.loc 1 22 0
 2256 0028 0030A0E3 		mov	r3, #0
 2257 002c 1C300BE5 		str	r3, [fp, #-28]
 2258 0030 240000EA 		b	.L2
 2259              	.L5:
  23:../medicion.c ****         /* Cargar tablero base en cada iteración */
  24:../medicion.c ****         sudoku_cargar_tablero(grid_tmp);
 2260              		.loc 1 24 0
 2261 0034 B8009FE5 		ldr	r0, .L6
 2262 0038 FEFFFFEB 		bl	sudoku_cargar_tablero
 2263              	.LBB2:
  25:../medicion.c **** 
  26:../medicion.c ****         /* Pausar Timer1 (latido) para estabilidad */
  27:../medicion.c ****         {
  28:../medicion.c ****             unsigned int old_mask = rINTMSK;
 2264              		.loc 1 28 0
 2265 003c B4309FE5 		ldr	r3, .L6+4
 2266 0040 003093E5 		ldr	r3, [r3, #0]
 2267 0044 20300BE5 		str	r3, [fp, #-32]
  29:../medicion.c ****             rINTMSK |= BIT_TIMER1;
 2268              		.loc 1 29 0
 2269 0048 A8309FE5 		ldr	r3, .L6+4
 2270 004c A4209FE5 		ldr	r2, .L6+4
 2271 0050 002092E5 		ldr	r2, [r2, #0]
 2272 0054 012A82E3 		orr	r2, r2, #4096
 2273 0058 002083E5 		str	r2, [r3, #0]
  30:../medicion.c **** 
  31:../medicion.c ****             timer2_start();
 2274              		.loc 1 31 0
 2275 005c FEFFFFEB 		bl	timer2_start
  32:../medicion.c ****             (void)candidatos_actualizar_c(grid_tmp);
 2276              		.loc 1 32 0
 2277 0060 8C009FE5 		ldr	r0, .L6
 2278 0064 FEFFFFEB 		bl	candidatos_actualizar_c
 2279              	.LBB3:
  33:../medicion.c ****             {
  34:../medicion.c ****                 unsigned int dt = timer2_count();
 2280              		.loc 1 34 0
 2281 0068 FEFFFFEB 		bl	timer2_count
 2282 006c 24000BE5 		str	r0, [fp, #-36]
  35:../medicion.c ****                 suma += dt;
 2283              		.loc 1 35 0
 2284 0070 10201BE5 		ldr	r2, [fp, #-16]
 2285 0074 24301BE5 		ldr	r3, [fp, #-36]
 2286 0078 033082E0 		add	r3, r2, r3
 2287 007c 10300BE5 		str	r3, [fp, #-16]
  36:../medicion.c ****                 if (dt < min) min = dt;
 2288              		.loc 1 36 0
 2289 0080 24201BE5 		ldr	r2, [fp, #-36]
 2290 0084 14301BE5 		ldr	r3, [fp, #-20]
 2291 0088 030052E1 		cmp	r2, r3
 2292 008c 0100002A 		bcs	.L3
 2293              		.loc 1 36 0 is_stmt 0 discriminator 1
 2294 0090 24301BE5 		ldr	r3, [fp, #-36]
 2295 0094 14300BE5 		str	r3, [fp, #-20]
 2296              	.L3:
  37:../medicion.c ****                 if (dt > max) max = dt;
 2297              		.loc 1 37 0 is_stmt 1
 2298 0098 24201BE5 		ldr	r2, [fp, #-36]
 2299 009c 18301BE5 		ldr	r3, [fp, #-24]
 2300 00a0 030052E1 		cmp	r2, r3
 2301 00a4 0100009A 		bls	.L4
 2302              		.loc 1 37 0 is_stmt 0 discriminator 1
 2303 00a8 24301BE5 		ldr	r3, [fp, #-36]
 2304 00ac 18300BE5 		str	r3, [fp, #-24]
 2305              	.L4:
 2306              	.LBE3:
  38:../medicion.c ****             }
  39:../medicion.c **** 
  40:../medicion.c ****             /* Restaurar máscara de interrupciones */
  41:../medicion.c ****             rINTMSK = old_mask;
 2307              		.loc 1 41 0 is_stmt 1
 2308 00b0 40309FE5 		ldr	r3, .L6+4
 2309 00b4 20201BE5 		ldr	r2, [fp, #-32]
 2310 00b8 002083E5 		str	r2, [r3, #0]
 2311              	.LBE2:
  22:../medicion.c ****     for (i = 0; i < N_MEDICIONES; ++i) {
 2312              		.loc 1 22 0
 2313 00bc 1C301BE5 		ldr	r3, [fp, #-28]
 2314 00c0 013083E2 		add	r3, r3, #1
 2315 00c4 1C300BE5 		str	r3, [fp, #-28]
 2316              	.L2:
  22:../medicion.c ****     for (i = 0; i < N_MEDICIONES; ++i) {
 2317              		.loc 1 22 0 is_stmt 0 discriminator 1
 2318 00c8 1C301BE5 		ldr	r3, [fp, #-28]
 2319 00cc 130053E3 		cmp	r3, #19
 2320 00d0 D7FFFFDA 		ble	.L5
  42:../medicion.c ****         }
  43:../medicion.c ****     }
  44:../medicion.c **** 
  45:../medicion.c ****     media = (unsigned int)(suma / N_MEDICIONES);
 2321              		.loc 1 45 0 is_stmt 1
 2322 00d4 10201BE5 		ldr	r2, [fp, #-16]
 2323 00d8 1C309FE5 		ldr	r3, .L6+8
 2324 00dc 921383E0 		umull	r1, r3, r2, r3
 2325 00e0 2332A0E1 		mov	r3, r3, lsr #4
 2326 00e4 28300BE5 		str	r3, [fp, #-40]
  46:../medicion.c **** }
 2327              		.loc 1 46 0
 2328 00e8 0CD04BE2 		sub	sp, fp, #12
 2329 00ec 00689DE8 		ldmfd	sp, {fp, sp, lr}
 2330 00f0 1EFF2FE1 		bx	lr
 2331              	.L7:
 2332              		.align	2
 2333              	.L6:
 2334 00f4 00000000 		.word	grid_tmp
 2335 00f8 0C00E001 		.word	31457292
 2336 00fc CDCCCCCC 		.word	-858993459
 2337              		.cfi_endproc
 2338              	.LFE3:
 2340              	.Letext0:
DEFINED SYMBOLS
                            *ABS*:00000000 medicion.c
C:\Users\jorge\AppData\Local\Temp\ccUrXqCB.s:2221   .bss:00000000 $d
C:\Users\jorge\AppData\Local\Temp\ccUrXqCB.s:2222   .bss:00000000 grid_tmp
C:\Users\jorge\AppData\Local\Temp\ccUrXqCB.s:2225   .text:00000000 $a
C:\Users\jorge\AppData\Local\Temp\ccUrXqCB.s:2228   .text:00000000 medir_recalculo_candidatos
C:\Users\jorge\AppData\Local\Temp\ccUrXqCB.s:2334   .text:000000f4 $d
                     .debug_frame:00000010 $d

UNDEFINED SYMBOLS
sudoku_cargar_tablero
timer2_start
candidatos_actualizar_c
timer2_count
