   1              		.cpu arm7tdmi
   2              		.fpu softvfp
   3              		.eabi_attribute 20, 1
   4              		.eabi_attribute 21, 1
   5              		.eabi_attribute 23, 3
   6              		.eabi_attribute 24, 1
   7              		.eabi_attribute 25, 1
   8              		.eabi_attribute 26, 1
   9              		.eabi_attribute 30, 6
  10              		.eabi_attribute 18, 4
  11              		.file	"sudoku_core.c"
  21              	.Ltext0:
  22              		.file 1 "../sudoku_core.c"
 1237              		.align	2
 1239              	celda_eliminar_candidato:
 1240              	.LFB0:
   1:../celda_local.h **** /*
   2:../celda_local.h ****  * celda_local.h
   3:../celda_local.h ****  *
   4:../celda_local.h ****  *  Created on: 18/11/2025
   5:../celda_local.h ****  *      Author: jorge
   6:../celda_local.h ****  */
   7:../celda_local.h **** #ifndef CELDA_LOCAL_H
   8:../celda_local.h **** #define CELDA_LOCAL_H
   9:../celda_local.h **** 
  10:../celda_local.h **** #include <stdint.h>
  11:../celda_local.h **** 
  12:../celda_local.h **** /* Codificación de la celda (16 bits)
  13:../celda_local.h ****  * bits [15..7]: 9 bits candidatos (bit=1 => ELIMINADO, bit=0 => candidato disponible)
  14:../celda_local.h ****  * bit 5 (0x0020): error
  15:../celda_local.h ****  * bit 4 (0x0010): pista (no modificable)
  16:../celda_local.h ****  * bits [3..0]: valor (0..9)
  17:../celda_local.h ****  */
  18:../celda_local.h **** enum { BIT_CANDIDATOS = 7 };
  19:../celda_local.h **** 
  20:../celda_local.h **** /* Bits de flag */
  21:../celda_local.h **** #define CELDA_FLAG_ERROR  (0x0020u)
  22:../celda_local.h **** #define CELDA_FLAG_PISTA  (0x0010u)
  23:../celda_local.h **** 
  24:../celda_local.h **** typedef uint16_t CELDA;
  25:../celda_local.h **** 
  26:../celda_local.h **** /* Elimina el candidato 'valor' (1..9) en la celda si aplica */
  27:../celda_local.h **** static inline void celda_eliminar_candidato(CELDA *celdaptr, uint8_t valor)
  28:../celda_local.h **** {
 1241              		.loc 5 28 0
 1242              		.cfi_startproc
 1243              		@ Function supports interworking.
 1244              		@ args = 0, pretend = 0, frame = 8
 1245              		@ frame_needed = 1, uses_anonymous_args = 0
 1246 0000 0DC0A0E1 		mov	ip, sp
 1247              	.LCFI0:
 1248              		.cfi_def_cfa_register 12
 1249 0004 00D82DE9 		stmfd	sp!, {fp, ip, lr, pc}
 1250 0008 04B04CE2 		sub	fp, ip, #4
 1251              		.cfi_offset 14, -8
 1252              		.cfi_offset 13, -12
 1253              		.cfi_offset 11, -16
 1254              	.LCFI1:
 1255              		.cfi_def_cfa 11, 4
 1256 000c 08D04DE2 		sub	sp, sp, #8
 1257 0010 10000BE5 		str	r0, [fp, #-16]
 1258 0014 0130A0E1 		mov	r3, r1
 1259 0018 11304BE5 		strb	r3, [fp, #-17]
  29:../celda_local.h ****     if (valor >= 1 && valor <= 9)
 1260              		.loc 5 29 0
 1261 001c 11305BE5 		ldrb	r3, [fp, #-17]	@ zero_extendqisi2
 1262 0020 000053E3 		cmp	r3, #0
 1263 0024 0F00000A 		beq	.L1
 1264              		.loc 5 29 0 is_stmt 0 discriminator 1
 1265 0028 11305BE5 		ldrb	r3, [fp, #-17]	@ zero_extendqisi2
 1266 002c 090053E3 		cmp	r3, #9
 1267 0030 0C00008A 		bhi	.L1
  30:../celda_local.h ****         *celdaptr |= (uint16_t)(1u << (BIT_CANDIDATOS + valor - 1));
 1268              		.loc 5 30 0 is_stmt 1
 1269 0034 10301BE5 		ldr	r3, [fp, #-16]
 1270 0038 B020D3E1 		ldrh	r2, [r3, #0]
 1271 003c 11305BE5 		ldrb	r3, [fp, #-17]	@ zero_extendqisi2
 1272 0040 063083E2 		add	r3, r3, #6
 1273 0044 0110A0E3 		mov	r1, #1
 1274 0048 1133A0E1 		mov	r3, r1, asl r3
 1275 004c 0338A0E1 		mov	r3, r3, asl #16
 1276 0050 2338A0E1 		mov	r3, r3, lsr #16
 1277 0054 033082E1 		orr	r3, r2, r3
 1278 0058 0338A0E1 		mov	r3, r3, asl #16
 1279 005c 2328A0E1 		mov	r2, r3, lsr #16
 1280 0060 10301BE5 		ldr	r3, [fp, #-16]
 1281 0064 B020C3E1 		strh	r2, [r3, #0]	@ movhi
 1282              	.L1:
  31:../celda_local.h **** }
 1283              		.loc 5 31 0
 1284 0068 0CD04BE2 		sub	sp, fp, #12
 1285 006c 00689DE8 		ldmfd	sp, {fp, sp, lr}
 1286 0070 1EFF2FE1 		bx	lr
 1287              		.cfi_endproc
 1288              	.LFE0:
 1290              		.align	2
 1292              	celda_poner_valor:
 1293              	.LFB1:
  32:../celda_local.h **** 
  33:../celda_local.h **** /* Pone el valor (0..9) en la celda (conserva flags y candidatos) */
  34:../celda_local.h **** static inline void celda_poner_valor(CELDA *celdaptr, uint8_t val)
  35:../celda_local.h **** {
 1294              		.loc 5 35 0
 1295              		.cfi_startproc
 1296              		@ Function supports interworking.
 1297              		@ args = 0, pretend = 0, frame = 8
 1298              		@ frame_needed = 1, uses_anonymous_args = 0
 1299 0074 0DC0A0E1 		mov	ip, sp
 1300              	.LCFI2:
 1301              		.cfi_def_cfa_register 12
 1302 0078 00D82DE9 		stmfd	sp!, {fp, ip, lr, pc}
 1303 007c 04B04CE2 		sub	fp, ip, #4
 1304              		.cfi_offset 14, -8
 1305              		.cfi_offset 13, -12
 1306              		.cfi_offset 11, -16
 1307              	.LCFI3:
 1308              		.cfi_def_cfa 11, 4
 1309 0080 08D04DE2 		sub	sp, sp, #8
 1310 0084 10000BE5 		str	r0, [fp, #-16]
 1311 0088 0130A0E1 		mov	r3, r1
 1312 008c 11304BE5 		strb	r3, [fp, #-17]
  36:../celda_local.h ****     *celdaptr = (uint16_t)((*celdaptr & 0xFFF0u) | (val & 0x0Fu));
 1313              		.loc 5 36 0
 1314 0090 10301BE5 		ldr	r3, [fp, #-16]
 1315 0094 B030D3E1 		ldrh	r3, [r3, #0]
 1316 0098 0F30C3E3 		bic	r3, r3, #15
 1317 009c 0338A0E1 		mov	r3, r3, asl #16
 1318 00a0 2328A0E1 		mov	r2, r3, lsr #16
 1319 00a4 11305BE5 		ldrb	r3, [fp, #-17]	@ zero_extendqisi2
 1320 00a8 0338A0E1 		mov	r3, r3, asl #16
 1321 00ac 2338A0E1 		mov	r3, r3, lsr #16
 1322 00b0 0F3003E2 		and	r3, r3, #15
 1323 00b4 0338A0E1 		mov	r3, r3, asl #16
 1324 00b8 2338A0E1 		mov	r3, r3, lsr #16
 1325 00bc 033082E1 		orr	r3, r2, r3
 1326 00c0 0338A0E1 		mov	r3, r3, asl #16
 1327 00c4 2328A0E1 		mov	r2, r3, lsr #16
 1328 00c8 10301BE5 		ldr	r3, [fp, #-16]
 1329 00cc B020C3E1 		strh	r2, [r3, #0]	@ movhi
  37:../celda_local.h **** }
 1330              		.loc 5 37 0
 1331 00d0 0CD04BE2 		sub	sp, fp, #12
 1332 00d4 00689DE8 		ldmfd	sp, {fp, sp, lr}
 1333 00d8 1EFF2FE1 		bx	lr
 1334              		.cfi_endproc
 1335              	.LFE1:
 1337              		.align	2
 1339              	celda_leer_valor:
 1340              	.LFB2:
  38:../celda_local.h **** 
  39:../celda_local.h **** /* Lee el valor (0..9) de la celda */
  40:../celda_local.h **** static inline uint8_t celda_leer_valor(CELDA celda)
  41:../celda_local.h **** {
 1341              		.loc 5 41 0
 1342              		.cfi_startproc
 1343              		@ Function supports interworking.
 1344              		@ args = 0, pretend = 0, frame = 8
 1345              		@ frame_needed = 1, uses_anonymous_args = 0
 1346 00dc 0DC0A0E1 		mov	ip, sp
 1347              	.LCFI4:
 1348              		.cfi_def_cfa_register 12
 1349 00e0 00D82DE9 		stmfd	sp!, {fp, ip, lr, pc}
 1350 00e4 04B04CE2 		sub	fp, ip, #4
 1351              		.cfi_offset 14, -8
 1352              		.cfi_offset 13, -12
 1353              		.cfi_offset 11, -16
 1354              	.LCFI5:
 1355              		.cfi_def_cfa 11, 4
 1356 00e8 08D04DE2 		sub	sp, sp, #8
 1357 00ec 0030A0E1 		mov	r3, r0
 1358 00f0 BE304BE1 		strh	r3, [fp, #-14]	@ movhi
  42:../celda_local.h ****     return (uint8_t)(celda & 0x000Fu);
 1359              		.loc 5 42 0
 1360 00f4 BE305BE1 		ldrh	r3, [fp, #-14]	@ movhi
 1361 00f8 FF3003E2 		and	r3, r3, #255
 1362 00fc 0F3003E2 		and	r3, r3, #15
 1363 0100 FF3003E2 		and	r3, r3, #255
  43:../celda_local.h **** }
 1364              		.loc 5 43 0
 1365 0104 0300A0E1 		mov	r0, r3
 1366 0108 0CD04BE2 		sub	sp, fp, #12
 1367 010c 00689DE8 		ldmfd	sp, {fp, sp, lr}
 1368 0110 1EFF2FE1 		bx	lr
 1369              		.cfi_endproc
 1370              	.LFE2:
 1372              		.section	.rodata
 1373              		.align	2
 1376              	init_region:
 1377 0000 00       		.byte	0
 1378 0001 00       		.byte	0
 1379 0002 00       		.byte	0
 1380 0003 03       		.byte	3
 1381 0004 03       		.byte	3
 1382 0005 03       		.byte	3
 1383 0006 06       		.byte	6
 1384 0007 06       		.byte	6
 1385 0008 06       		.byte	6
 1386 0009 000000   		.align	2
 1389              	tablero_inicial:
 1390 000c 1500     		.short	21
 1391 000e 0000     		.short	0
 1392 0010 0000     		.short	0
 1393 0012 1300     		.short	19
 1394 0014 0000     		.short	0
 1395 0016 0000     		.short	0
 1396 0018 0000     		.short	0
 1397 001a 0000     		.short	0
 1398 001c 0000     		.short	0
 1399 001e 0000     		.short	0
 1400 0020 0000     		.short	0
 1401 0022 0000     		.short	0
 1402 0024 0000     		.short	0
 1403 0026 1900     		.short	25
 1404 0028 0000     		.short	0
 1405 002a 0000     		.short	0
 1406 002c 0000     		.short	0
 1407 002e 1500     		.short	21
 1408 0030 0000     		.short	0
 1409 0032 1900     		.short	25
 1410 0034 1600     		.short	22
 1411 0036 1700     		.short	23
 1412 0038 0000     		.short	0
 1413 003a 1500     		.short	21
 1414 003c 0000     		.short	0
 1415 003e 1300     		.short	19
 1416 0040 0000     		.short	0
 1417 0042 0000     		.short	0
 1418 0044 1800     		.short	24
 1419 0046 0000     		.short	0
 1420 0048 1900     		.short	25
 1421 004a 0000     		.short	0
 1422 004c 0000     		.short	0
 1423 004e 1600     		.short	22
 1424 0050 0000     		.short	0
 1425 0052 0000     		.short	0
 1426 0054 0000     		.short	0
 1427 0056 0000     		.short	0
 1428 0058 1500     		.short	21
 1429 005a 1800     		.short	24
 1430 005c 1600     		.short	22
 1431 005e 1100     		.short	17
 1432 0060 1400     		.short	20
 1433 0062 0000     		.short	0
 1434 0064 0000     		.short	0
 1435 0066 0000     		.short	0
 1436 0068 0000     		.short	0
 1437 006a 1400     		.short	20
 1438 006c 1200     		.short	18
 1439 006e 0000     		.short	0
 1440 0070 1300     		.short	19
 1441 0072 0000     		.short	0
 1442 0074 1700     		.short	23
 1443 0076 0000     		.short	0
 1444 0078 0000     		.short	0
 1445 007a 1700     		.short	23
 1446 007c 0000     		.short	0
 1447 007e 1500     		.short	21
 1448 0080 0000     		.short	0
 1449 0082 1900     		.short	25
 1450 0084 1200     		.short	18
 1451 0086 1600     		.short	22
 1452 0088 0000     		.short	0
 1453 008a 1600     		.short	22
 1454 008c 0000     		.short	0
 1455 008e 0000     		.short	0
 1456 0090 0000     		.short	0
 1457 0092 1800     		.short	24
 1458 0094 0000     		.short	0
 1459 0096 0000     		.short	0
 1460 0098 0000     		.short	0
 1461 009a 0000     		.short	0
 1462 009c 0000     		.short	0
 1463 009e 0000     		.short	0
 1464 00a0 0000     		.short	0
 1465 00a2 0000     		.short	0
 1466 00a4 0000     		.short	0
 1467 00a6 1200     		.short	18
 1468 00a8 0000     		.short	0
 1469 00aa 0000     		.short	0
 1470 00ac 1100     		.short	17
 1471 00ae 0000     		.text
 1472              		.align	2
 1473              		.global	sudoku_cargar_tablero
 1475              	sudoku_cargar_tablero:
 1476              	.LFB3:
   1:../sudoku_core.c **** #include "sudoku_core.h"
   2:../sudoku_core.c **** 
   3:../sudoku_core.c **** /* Tabla para inicio de región (3x3) */
   4:../sudoku_core.c **** static const uint8_t init_region[NUM_FILAS] = {0,0,0,3,3,3,6,6,6};
   5:../sudoku_core.c **** 
   6:../sudoku_core.c **** /* Tablero inicial */
   7:../sudoku_core.c **** static const CELDA tablero_inicial[NUM_FILAS][NUM_COLUMNAS] = {
   8:../sudoku_core.c ****     {0x0015,0x0000,0x0000,0x0013,0x0000,0x0000,0x0000,0x0000,0x0000},
   9:../sudoku_core.c ****     {0x0000,0x0000,0x0000,0x0000,0x0019,0x0000,0x0000,0x0000,0x0015},
  10:../sudoku_core.c ****     {0x0000,0x0019,0x0016,0x0017,0x0000,0x0015,0x0000,0x0013,0x0000},
  11:../sudoku_core.c ****     {0x0000,0x0018,0x0000,0x0019,0x0000,0x0000,0x0016,0x0000,0x0000},
  12:../sudoku_core.c ****     {0x0000,0x0000,0x0015,0x0018,0x0016,0x0011,0x0014,0x0000,0x0000},
  13:../sudoku_core.c ****     {0x0000,0x0000,0x0014,0x0012,0x0000,0x0013,0x0000,0x0017,0x0000},
  14:../sudoku_core.c ****     {0x0000,0x0017,0x0000,0x0015,0x0000,0x0019,0x0012,0x0016,0x0000},
  15:../sudoku_core.c ****     {0x0016,0x0000,0x0000,0x0000,0x0018,0x0000,0x0000,0x0000,0x0000},
  16:../sudoku_core.c ****     {0x0000,0x0000,0x0000,0x0000,0x0000,0x0012,0x0000,0x0000,0x0011}
  17:../sudoku_core.c **** };
  18:../sudoku_core.c **** 
  19:../sudoku_core.c **** void sudoku_cargar_tablero(CELDA dest[NUM_FILAS][NUM_COLUMNAS])
  20:../sudoku_core.c **** {
 1477              		.loc 1 20 0
 1478              		.cfi_startproc
 1479              		@ Function supports interworking.
 1480              		@ args = 0, pretend = 0, frame = 16
 1481              		@ frame_needed = 1, uses_anonymous_args = 0
 1482 0114 0DC0A0E1 		mov	ip, sp
 1483              	.LCFI6:
 1484              		.cfi_def_cfa_register 12
 1485 0118 10D82DE9 		stmfd	sp!, {r4, fp, ip, lr, pc}
 1486 011c 04B04CE2 		sub	fp, ip, #4
 1487              		.cfi_offset 14, -8
 1488              		.cfi_offset 13, -12
 1489              		.cfi_offset 11, -16
 1490              		.cfi_offset 4, -20
 1491              	.LCFI7:
 1492              		.cfi_def_cfa 11, 4
 1493 0120 14D04DE2 		sub	sp, sp, #20
 1494 0124 20000BE5 		str	r0, [fp, #-32]
  21:../sudoku_core.c ****     uint8_t f, c;
  22:../sudoku_core.c ****     for (f = 0; f < NUM_FILAS; ++f)
 1495              		.loc 1 22 0
 1496 0128 0030A0E3 		mov	r3, #0
 1497 012c 15304BE5 		strb	r3, [fp, #-21]
 1498 0130 200000EA 		b	.L6
 1499              	.L9:
  23:../sudoku_core.c ****         for (c = 0; c < NUM_COLUMNAS; ++c)
 1500              		.loc 1 23 0
 1501 0134 0030A0E3 		mov	r3, #0
 1502 0138 16304BE5 		strb	r3, [fp, #-22]
 1503 013c 170000EA 		b	.L7
 1504              	.L8:
  24:../sudoku_core.c ****             dest[f][c] = tablero_inicial[f][c];
 1505              		.loc 1 24 0 discriminator 2
 1506 0140 15205BE5 		ldrb	r2, [fp, #-21]	@ zero_extendqisi2
 1507 0144 0230A0E1 		mov	r3, r2
 1508 0148 8331A0E1 		mov	r3, r3, asl #3
 1509 014c 023083E0 		add	r3, r3, r2
 1510 0150 8330A0E1 		mov	r3, r3, asl #1
 1511 0154 20201BE5 		ldr	r2, [fp, #-32]
 1512 0158 031082E0 		add	r1, r2, r3
 1513 015c 16005BE5 		ldrb	r0, [fp, #-22]	@ zero_extendqisi2
 1514 0160 15205BE5 		ldrb	r2, [fp, #-21]	@ zero_extendqisi2
 1515 0164 16405BE5 		ldrb	r4, [fp, #-22]	@ zero_extendqisi2
 1516 0168 60C09FE5 		ldr	ip, .L10
 1517 016c 0230A0E1 		mov	r3, r2
 1518 0170 8331A0E1 		mov	r3, r3, asl #3
 1519 0174 023083E0 		add	r3, r3, r2
 1520 0178 043083E0 		add	r3, r3, r4
 1521 017c 8330A0E1 		mov	r3, r3, asl #1
 1522 0180 03308CE0 		add	r3, ip, r3
 1523 0184 B020D3E1 		ldrh	r2, [r3, #0]
 1524 0188 8030A0E1 		mov	r3, r0, asl #1
 1525 018c 033081E0 		add	r3, r1, r3
 1526 0190 B020C3E1 		strh	r2, [r3, #0]	@ movhi
  23:../sudoku_core.c ****         for (c = 0; c < NUM_COLUMNAS; ++c)
 1527              		.loc 1 23 0 discriminator 2
 1528 0194 16305BE5 		ldrb	r3, [fp, #-22]
 1529 0198 013083E2 		add	r3, r3, #1
 1530 019c 16304BE5 		strb	r3, [fp, #-22]
 1531              	.L7:
  23:../sudoku_core.c ****         for (c = 0; c < NUM_COLUMNAS; ++c)
 1532              		.loc 1 23 0 is_stmt 0 discriminator 1
 1533 01a0 16305BE5 		ldrb	r3, [fp, #-22]	@ zero_extendqisi2
 1534 01a4 080053E3 		cmp	r3, #8
 1535 01a8 E4FFFF9A 		bls	.L8
  22:../sudoku_core.c ****     for (f = 0; f < NUM_FILAS; ++f)
 1536              		.loc 1 22 0 is_stmt 1
 1537 01ac 15305BE5 		ldrb	r3, [fp, #-21]
 1538 01b0 013083E2 		add	r3, r3, #1
 1539 01b4 15304BE5 		strb	r3, [fp, #-21]
 1540              	.L6:
  22:../sudoku_core.c ****     for (f = 0; f < NUM_FILAS; ++f)
 1541              		.loc 1 22 0 is_stmt 0 discriminator 1
 1542 01b8 15305BE5 		ldrb	r3, [fp, #-21]	@ zero_extendqisi2
 1543 01bc 080053E3 		cmp	r3, #8
 1544 01c0 DBFFFF9A 		bls	.L9
  25:../sudoku_core.c **** }
 1545              		.loc 1 25 0 is_stmt 1
 1546 01c4 10D04BE2 		sub	sp, fp, #16
 1547 01c8 10689DE8 		ldmfd	sp, {r4, fp, sp, lr}
 1548 01cc 1EFF2FE1 		bx	lr
 1549              	.L11:
 1550              		.align	2
 1551              	.L10:
 1552 01d0 0C000000 		.word	tablero_inicial
 1553              		.cfi_endproc
 1554              	.LFE3:
 1556              		.align	2
 1557              		.global	sudoku_es_pista
 1559              	sudoku_es_pista:
 1560              	.LFB4:
  26:../sudoku_core.c **** 
  27:../sudoku_core.c **** int sudoku_es_pista(CELDA grid[NUM_FILAS][NUM_COLUMNAS], uint8_t f, uint8_t c)
  28:../sudoku_core.c **** {
 1561              		.loc 1 28 0
 1562              		.cfi_startproc
 1563              		@ Function supports interworking.
 1564              		@ args = 0, pretend = 0, frame = 8
 1565              		@ frame_needed = 1, uses_anonymous_args = 0
 1566 01d4 0DC0A0E1 		mov	ip, sp
 1567              	.LCFI8:
 1568              		.cfi_def_cfa_register 12
 1569 01d8 00D82DE9 		stmfd	sp!, {fp, ip, lr, pc}
 1570 01dc 04B04CE2 		sub	fp, ip, #4
 1571              		.cfi_offset 14, -8
 1572              		.cfi_offset 13, -12
 1573              		.cfi_offset 11, -16
 1574              	.LCFI9:
 1575              		.cfi_def_cfa 11, 4
 1576 01e0 08D04DE2 		sub	sp, sp, #8
 1577 01e4 10000BE5 		str	r0, [fp, #-16]
 1578 01e8 0230A0E1 		mov	r3, r2
 1579 01ec 0120A0E1 		mov	r2, r1
 1580 01f0 11204BE5 		strb	r2, [fp, #-17]
 1581 01f4 12304BE5 		strb	r3, [fp, #-18]
  29:../sudoku_core.c ****     return (grid[f][c] & CELDA_FLAG_PISTA) ? 1 : 0;
 1582              		.loc 1 29 0
 1583 01f8 11205BE5 		ldrb	r2, [fp, #-17]	@ zero_extendqisi2
 1584 01fc 0230A0E1 		mov	r3, r2
 1585 0200 8331A0E1 		mov	r3, r3, asl #3
 1586 0204 023083E0 		add	r3, r3, r2
 1587 0208 8330A0E1 		mov	r3, r3, asl #1
 1588 020c 10201BE5 		ldr	r2, [fp, #-16]
 1589 0210 032082E0 		add	r2, r2, r3
 1590 0214 12305BE5 		ldrb	r3, [fp, #-18]	@ zero_extendqisi2
 1591 0218 8330A0E1 		mov	r3, r3, asl #1
 1592 021c 033082E0 		add	r3, r2, r3
 1593 0220 B030D3E1 		ldrh	r3, [r3, #0]
 1594 0224 103003E2 		and	r3, r3, #16
 1595 0228 000053E3 		cmp	r3, #0
 1596 022c 0030A003 		moveq	r3, #0
 1597 0230 0130A013 		movne	r3, #1
  30:../sudoku_core.c **** }
 1598              		.loc 1 30 0
 1599 0234 0300A0E1 		mov	r0, r3
 1600 0238 0CD04BE2 		sub	sp, fp, #12
 1601 023c 00689DE8 		ldmfd	sp, {fp, sp, lr}
 1602 0240 1EFF2FE1 		bx	lr
 1603              		.cfi_endproc
 1604              	.LFE4:
 1606              		.align	2
 1607              		.global	sudoku_leer_valor
 1609              	sudoku_leer_valor:
 1610              	.LFB5:
  31:../sudoku_core.c **** 
  32:../sudoku_core.c **** uint8_t sudoku_leer_valor(CELDA grid[NUM_FILAS][NUM_COLUMNAS], uint8_t f, uint8_t c)
  33:../sudoku_core.c **** {
 1611              		.loc 1 33 0
 1612              		.cfi_startproc
 1613              		@ Function supports interworking.
 1614              		@ args = 0, pretend = 0, frame = 8
 1615              		@ frame_needed = 1, uses_anonymous_args = 0
 1616 0244 0DC0A0E1 		mov	ip, sp
 1617              	.LCFI10:
 1618              		.cfi_def_cfa_register 12
 1619 0248 00D82DE9 		stmfd	sp!, {fp, ip, lr, pc}
 1620 024c 04B04CE2 		sub	fp, ip, #4
 1621              		.cfi_offset 14, -8
 1622              		.cfi_offset 13, -12
 1623              		.cfi_offset 11, -16
 1624              	.LCFI11:
 1625              		.cfi_def_cfa 11, 4
 1626 0250 08D04DE2 		sub	sp, sp, #8
 1627 0254 10000BE5 		str	r0, [fp, #-16]
 1628 0258 0230A0E1 		mov	r3, r2
 1629 025c 0120A0E1 		mov	r2, r1
 1630 0260 11204BE5 		strb	r2, [fp, #-17]
 1631 0264 12304BE5 		strb	r3, [fp, #-18]
  34:../sudoku_core.c ****     return celda_leer_valor(grid[f][c]);
 1632              		.loc 1 34 0
 1633 0268 11205BE5 		ldrb	r2, [fp, #-17]	@ zero_extendqisi2
 1634 026c 0230A0E1 		mov	r3, r2
 1635 0270 8331A0E1 		mov	r3, r3, asl #3
 1636 0274 023083E0 		add	r3, r3, r2
 1637 0278 8330A0E1 		mov	r3, r3, asl #1
 1638 027c 10201BE5 		ldr	r2, [fp, #-16]
 1639 0280 032082E0 		add	r2, r2, r3
 1640 0284 12305BE5 		ldrb	r3, [fp, #-18]	@ zero_extendqisi2
 1641 0288 8330A0E1 		mov	r3, r3, asl #1
 1642 028c 033082E0 		add	r3, r2, r3
 1643 0290 B030D3E1 		ldrh	r3, [r3, #0]
 1644 0294 0300A0E1 		mov	r0, r3
 1645 0298 8FFFFFEB 		bl	celda_leer_valor
 1646 029c 0030A0E1 		mov	r3, r0
  35:../sudoku_core.c **** }
 1647              		.loc 1 35 0
 1648 02a0 0300A0E1 		mov	r0, r3
 1649 02a4 0CD04BE2 		sub	sp, fp, #12
 1650 02a8 00689DE8 		ldmfd	sp, {fp, sp, lr}
 1651 02ac 1EFF2FE1 		bx	lr
 1652              		.cfi_endproc
 1653              	.LFE5:
 1655              		.align	2
 1656              		.global	sudoku_escribir_valor
 1658              	sudoku_escribir_valor:
 1659              	.LFB6:
  36:../sudoku_core.c **** 
  37:../sudoku_core.c **** void sudoku_escribir_valor(CELDA grid[NUM_FILAS][NUM_COLUMNAS], uint8_t f, uint8_t c, uint8_t val)
  38:../sudoku_core.c **** {
 1660              		.loc 1 38 0
 1661              		.cfi_startproc
 1662              		@ Function supports interworking.
 1663              		@ args = 0, pretend = 0, frame = 8
 1664              		@ frame_needed = 1, uses_anonymous_args = 0
 1665 02b0 0DC0A0E1 		mov	ip, sp
 1666              	.LCFI12:
 1667              		.cfi_def_cfa_register 12
 1668 02b4 00D82DE9 		stmfd	sp!, {fp, ip, lr, pc}
 1669 02b8 04B04CE2 		sub	fp, ip, #4
 1670              		.cfi_offset 14, -8
 1671              		.cfi_offset 13, -12
 1672              		.cfi_offset 11, -16
 1673              	.LCFI13:
 1674              		.cfi_def_cfa 11, 4
 1675 02bc 08D04DE2 		sub	sp, sp, #8
 1676 02c0 10000BE5 		str	r0, [fp, #-16]
 1677 02c4 11104BE5 		strb	r1, [fp, #-17]
 1678 02c8 12204BE5 		strb	r2, [fp, #-18]
 1679 02cc 13304BE5 		strb	r3, [fp, #-19]
  39:../sudoku_core.c ****     if (sudoku_es_pista(grid, f, c) && val != 0) return;
 1680              		.loc 1 39 0
 1681 02d0 11205BE5 		ldrb	r2, [fp, #-17]	@ zero_extendqisi2
 1682 02d4 12305BE5 		ldrb	r3, [fp, #-18]	@ zero_extendqisi2
 1683 02d8 10001BE5 		ldr	r0, [fp, #-16]
 1684 02dc 0210A0E1 		mov	r1, r2
 1685 02e0 0320A0E1 		mov	r2, r3
 1686 02e4 FEFFFFEB 		bl	sudoku_es_pista
 1687 02e8 0030A0E1 		mov	r3, r0
 1688 02ec 000053E3 		cmp	r3, #0
 1689 02f0 0200000A 		beq	.L15
 1690              		.loc 1 39 0 is_stmt 0 discriminator 1
 1691 02f4 13305BE5 		ldrb	r3, [fp, #-19]	@ zero_extendqisi2
 1692 02f8 000053E3 		cmp	r3, #0
 1693 02fc 0F00001A 		bne	.L17
 1694              	.L15:
  40:../sudoku_core.c ****     celda_poner_valor(&grid[f][c], (uint8_t)(val & 0x0F));
 1695              		.loc 1 40 0 is_stmt 1
 1696 0300 10101BE5 		ldr	r1, [fp, #-16]
 1697 0304 11205BE5 		ldrb	r2, [fp, #-17]	@ zero_extendqisi2
 1698 0308 0230A0E1 		mov	r3, r2
 1699 030c 8331A0E1 		mov	r3, r3, asl #3
 1700 0310 022083E0 		add	r2, r3, r2
 1701 0314 12305BE5 		ldrb	r3, [fp, #-18]	@ zero_extendqisi2
 1702 0318 033082E0 		add	r3, r2, r3
 1703 031c 8330A0E1 		mov	r3, r3, asl #1
 1704 0320 032081E0 		add	r2, r1, r3
 1705 0324 13305BE5 		ldrb	r3, [fp, #-19]
 1706 0328 0F3003E2 		and	r3, r3, #15
 1707 032c FF3003E2 		and	r3, r3, #255
 1708 0330 0200A0E1 		mov	r0, r2
 1709 0334 0310A0E1 		mov	r1, r3
 1710 0338 4DFFFFEB 		bl	celda_poner_valor
 1711 033c 000000EA 		b	.L14
 1712              	.L17:
  39:../sudoku_core.c ****     if (sudoku_es_pista(grid, f, c) && val != 0) return;
 1713              		.loc 1 39 0
 1714 0340 0000A0E1 		mov	r0, r0	@ nop
 1715              	.L14:
  41:../sudoku_core.c **** }
 1716              		.loc 1 41 0
 1717 0344 0CD04BE2 		sub	sp, fp, #12
 1718 0348 00689DE8 		ldmfd	sp, {fp, sp, lr}
 1719 034c 1EFF2FE1 		bx	lr
 1720              		.cfi_endproc
 1721              	.LFE6:
 1723              		.align	2
 1724              		.global	sudoku_marcar_error
 1726              	sudoku_marcar_error:
 1727              	.LFB7:
  42:../sudoku_core.c **** 
  43:../sudoku_core.c **** void sudoku_marcar_error(CELDA grid[NUM_FILAS][NUM_COLUMNAS], uint8_t f, uint8_t c)
  44:../sudoku_core.c **** {
 1728              		.loc 1 44 0
 1729              		.cfi_startproc
 1730              		@ Function supports interworking.
 1731              		@ args = 0, pretend = 0, frame = 8
 1732              		@ frame_needed = 1, uses_anonymous_args = 0
 1733 0350 0DC0A0E1 		mov	ip, sp
 1734              	.LCFI14:
 1735              		.cfi_def_cfa_register 12
 1736 0354 00D82DE9 		stmfd	sp!, {fp, ip, lr, pc}
 1737 0358 04B04CE2 		sub	fp, ip, #4
 1738              		.cfi_offset 14, -8
 1739              		.cfi_offset 13, -12
 1740              		.cfi_offset 11, -16
 1741              	.LCFI15:
 1742              		.cfi_def_cfa 11, 4
 1743 035c 08D04DE2 		sub	sp, sp, #8
 1744 0360 10000BE5 		str	r0, [fp, #-16]
 1745 0364 0230A0E1 		mov	r3, r2
 1746 0368 0120A0E1 		mov	r2, r1
 1747 036c 11204BE5 		strb	r2, [fp, #-17]
 1748 0370 12304BE5 		strb	r3, [fp, #-18]
  45:../sudoku_core.c ****     grid[f][c] |= CELDA_FLAG_ERROR;
 1749              		.loc 1 45 0
 1750 0374 11205BE5 		ldrb	r2, [fp, #-17]	@ zero_extendqisi2
 1751 0378 0230A0E1 		mov	r3, r2
 1752 037c 8331A0E1 		mov	r3, r3, asl #3
 1753 0380 023083E0 		add	r3, r3, r2
 1754 0384 8330A0E1 		mov	r3, r3, asl #1
 1755 0388 10201BE5 		ldr	r2, [fp, #-16]
 1756 038c 031082E0 		add	r1, r2, r3
 1757 0390 12005BE5 		ldrb	r0, [fp, #-18]	@ zero_extendqisi2
 1758 0394 11205BE5 		ldrb	r2, [fp, #-17]	@ zero_extendqisi2
 1759 0398 0230A0E1 		mov	r3, r2
 1760 039c 8331A0E1 		mov	r3, r3, asl #3
 1761 03a0 023083E0 		add	r3, r3, r2
 1762 03a4 8330A0E1 		mov	r3, r3, asl #1
 1763 03a8 10201BE5 		ldr	r2, [fp, #-16]
 1764 03ac 032082E0 		add	r2, r2, r3
 1765 03b0 12305BE5 		ldrb	r3, [fp, #-18]	@ zero_extendqisi2
 1766 03b4 8330A0E1 		mov	r3, r3, asl #1
 1767 03b8 033082E0 		add	r3, r2, r3
 1768 03bc B030D3E1 		ldrh	r3, [r3, #0]
 1769 03c0 203083E3 		orr	r3, r3, #32
 1770 03c4 0338A0E1 		mov	r3, r3, asl #16
 1771 03c8 2328A0E1 		mov	r2, r3, lsr #16
 1772 03cc 8030A0E1 		mov	r3, r0, asl #1
 1773 03d0 033081E0 		add	r3, r1, r3
 1774 03d4 B020C3E1 		strh	r2, [r3, #0]	@ movhi
  46:../sudoku_core.c **** }
 1775              		.loc 1 46 0
 1776 03d8 0CD04BE2 		sub	sp, fp, #12
 1777 03dc 00689DE8 		ldmfd	sp, {fp, sp, lr}
 1778 03e0 1EFF2FE1 		bx	lr
 1779              		.cfi_endproc
 1780              	.LFE7:
 1782              		.align	2
 1783              		.global	sudoku_val_es_candidato
 1785              	sudoku_val_es_candidato:
 1786              	.LFB8:
  47:../sudoku_core.c **** 
  48:../sudoku_core.c **** int sudoku_val_es_candidato(CELDA grid[NUM_FILAS][NUM_COLUMNAS], uint8_t f, uint8_t c, uint8_t val)
  49:../sudoku_core.c **** {
 1787              		.loc 1 49 0
 1788              		.cfi_startproc
 1789              		@ Function supports interworking.
 1790              		@ args = 0, pretend = 0, frame = 16
 1791              		@ frame_needed = 1, uses_anonymous_args = 0
 1792 03e4 0DC0A0E1 		mov	ip, sp
 1793              	.LCFI16:
 1794              		.cfi_def_cfa_register 12
 1795 03e8 00D82DE9 		stmfd	sp!, {fp, ip, lr, pc}
 1796 03ec 04B04CE2 		sub	fp, ip, #4
 1797              		.cfi_offset 14, -8
 1798              		.cfi_offset 13, -12
 1799              		.cfi_offset 11, -16
 1800              	.LCFI17:
 1801              		.cfi_def_cfa 11, 4
 1802 03f0 10D04DE2 		sub	sp, sp, #16
 1803 03f4 18000BE5 		str	r0, [fp, #-24]
 1804 03f8 19104BE5 		strb	r1, [fp, #-25]
 1805 03fc 1A204BE5 		strb	r2, [fp, #-26]
 1806 0400 1B304BE5 		strb	r3, [fp, #-27]
  50:../sudoku_core.c ****     uint16_t mask;
  51:../sudoku_core.c ****     if (val < 1 || val > 9) return 0;
 1807              		.loc 1 51 0
 1808 0404 1B305BE5 		ldrb	r3, [fp, #-27]	@ zero_extendqisi2
 1809 0408 000053E3 		cmp	r3, #0
 1810 040c 0200000A 		beq	.L20
 1811              		.loc 1 51 0 is_stmt 0 discriminator 2
 1812 0410 1B305BE5 		ldrb	r3, [fp, #-27]	@ zero_extendqisi2
 1813 0414 090053E3 		cmp	r3, #9
 1814 0418 0100009A 		bls	.L21
 1815              	.L20:
 1816              		.loc 1 51 0 discriminator 1
 1817 041c 0030A0E3 		mov	r3, #0
 1818 0420 160000EA 		b	.L22
 1819              	.L21:
  52:../sudoku_core.c ****     mask = (uint16_t)(1u << (BIT_CANDIDATOS + val - 1));
 1820              		.loc 1 52 0 is_stmt 1
 1821 0424 1B305BE5 		ldrb	r3, [fp, #-27]	@ zero_extendqisi2
 1822 0428 063083E2 		add	r3, r3, #6
 1823 042c 0120A0E3 		mov	r2, #1
 1824 0430 1233A0E1 		mov	r3, r2, asl r3
 1825 0434 BE304BE1 		strh	r3, [fp, #-14]	@ movhi
  53:../sudoku_core.c ****     return (grid[f][c] & mask) ? 0 : 1;
 1826              		.loc 1 53 0
 1827 0438 19205BE5 		ldrb	r2, [fp, #-25]	@ zero_extendqisi2
 1828 043c 0230A0E1 		mov	r3, r2
 1829 0440 8331A0E1 		mov	r3, r3, asl #3
 1830 0444 023083E0 		add	r3, r3, r2
 1831 0448 8330A0E1 		mov	r3, r3, asl #1
 1832 044c 18201BE5 		ldr	r2, [fp, #-24]
 1833 0450 032082E0 		add	r2, r2, r3
 1834 0454 1A305BE5 		ldrb	r3, [fp, #-26]	@ zero_extendqisi2
 1835 0458 8330A0E1 		mov	r3, r3, asl #1
 1836 045c 033082E0 		add	r3, r2, r3
 1837 0460 B020D3E1 		ldrh	r2, [r3, #0]
 1838 0464 BE305BE1 		ldrh	r3, [fp, #-14]	@ movhi
 1839 0468 033002E0 		and	r3, r2, r3
 1840 046c 0338A0E1 		mov	r3, r3, asl #16
 1841 0470 2338A0E1 		mov	r3, r3, lsr #16
 1842 0474 000053E3 		cmp	r3, #0
 1843 0478 0030A013 		movne	r3, #0
 1844 047c 0130A003 		moveq	r3, #1
 1845              	.L22:
  54:../sudoku_core.c **** }
 1846              		.loc 1 54 0
 1847 0480 0300A0E1 		mov	r0, r3
 1848 0484 0CD04BE2 		sub	sp, fp, #12
 1849 0488 00689DE8 		ldmfd	sp, {fp, sp, lr}
 1850 048c 1EFF2FE1 		bx	lr
 1851              		.cfi_endproc
 1852              	.LFE8:
 1854              		.align	2
 1856              	eliminar_en_celda:
 1857              	.LFB9:
  55:../sudoku_core.c **** 
  56:../sudoku_core.c **** static inline void eliminar_en_celda(CELDA grid[NUM_FILAS][NUM_COLUMNAS],
  57:../sudoku_core.c ****                                      uint8_t f, uint8_t c, uint8_t valor)
  58:../sudoku_core.c **** {
 1858              		.loc 1 58 0
 1859              		.cfi_startproc
 1860              		@ Function supports interworking.
 1861              		@ args = 0, pretend = 0, frame = 8
 1862              		@ frame_needed = 1, uses_anonymous_args = 0
 1863 0490 0DC0A0E1 		mov	ip, sp
 1864              	.LCFI18:
 1865              		.cfi_def_cfa_register 12
 1866 0494 00D82DE9 		stmfd	sp!, {fp, ip, lr, pc}
 1867 0498 04B04CE2 		sub	fp, ip, #4
 1868              		.cfi_offset 14, -8
 1869              		.cfi_offset 13, -12
 1870              		.cfi_offset 11, -16
 1871              	.LCFI19:
 1872              		.cfi_def_cfa 11, 4
 1873 049c 08D04DE2 		sub	sp, sp, #8
 1874 04a0 10000BE5 		str	r0, [fp, #-16]
 1875 04a4 11104BE5 		strb	r1, [fp, #-17]
 1876 04a8 12204BE5 		strb	r2, [fp, #-18]
 1877 04ac 13304BE5 		strb	r3, [fp, #-19]
  59:../sudoku_core.c ****     if (f >= NUM_FILAS || c >= NUM_COLUMNAS) return;
 1878              		.loc 1 59 0
 1879 04b0 11305BE5 		ldrb	r3, [fp, #-17]	@ zero_extendqisi2
 1880 04b4 080053E3 		cmp	r3, #8
 1881 04b8 1C00008A 		bhi	.L27
 1882              		.loc 1 59 0 is_stmt 0 discriminator 2
 1883 04bc 12305BE5 		ldrb	r3, [fp, #-18]	@ zero_extendqisi2
 1884 04c0 080053E3 		cmp	r3, #8
 1885 04c4 1B00008A 		bhi	.L28
 1886              	.L25:
  60:../sudoku_core.c ****     if (sudoku_leer_valor(grid,f,c) == 0 && valor != 0)
 1887              		.loc 1 60 0 is_stmt 1
 1888 04c8 11205BE5 		ldrb	r2, [fp, #-17]	@ zero_extendqisi2
 1889 04cc 12305BE5 		ldrb	r3, [fp, #-18]	@ zero_extendqisi2
 1890 04d0 10001BE5 		ldr	r0, [fp, #-16]
 1891 04d4 0210A0E1 		mov	r1, r2
 1892 04d8 0320A0E1 		mov	r2, r3
 1893 04dc FEFFFFEB 		bl	sudoku_leer_valor
 1894 04e0 0030A0E1 		mov	r3, r0
 1895 04e4 000053E3 		cmp	r3, #0
 1896 04e8 1300001A 		bne	.L23
 1897              		.loc 1 60 0 is_stmt 0 discriminator 1
 1898 04ec 13305BE5 		ldrb	r3, [fp, #-19]	@ zero_extendqisi2
 1899 04f0 000053E3 		cmp	r3, #0
 1900 04f4 1000000A 		beq	.L23
  61:../sudoku_core.c ****         celda_eliminar_candidato(&grid[f][c], valor);
 1901              		.loc 1 61 0 is_stmt 1
 1902 04f8 10101BE5 		ldr	r1, [fp, #-16]
 1903 04fc 11205BE5 		ldrb	r2, [fp, #-17]	@ zero_extendqisi2
 1904 0500 0230A0E1 		mov	r3, r2
 1905 0504 8331A0E1 		mov	r3, r3, asl #3
 1906 0508 022083E0 		add	r2, r3, r2
 1907 050c 12305BE5 		ldrb	r3, [fp, #-18]	@ zero_extendqisi2
 1908 0510 033082E0 		add	r3, r2, r3
 1909 0514 8330A0E1 		mov	r3, r3, asl #1
 1910 0518 032081E0 		add	r2, r1, r3
 1911 051c 13305BE5 		ldrb	r3, [fp, #-19]	@ zero_extendqisi2
 1912 0520 0200A0E1 		mov	r0, r2
 1913 0524 0310A0E1 		mov	r1, r3
 1914 0528 B4FEFFEB 		bl	celda_eliminar_candidato
 1915 052c 020000EA 		b	.L23
 1916              	.L27:
  59:../sudoku_core.c ****     if (f >= NUM_FILAS || c >= NUM_COLUMNAS) return;
 1917              		.loc 1 59 0
 1918 0530 0000A0E1 		mov	r0, r0	@ nop
 1919 0534 000000EA 		b	.L23
 1920              	.L28:
 1921 0538 0000A0E1 		mov	r0, r0	@ nop
 1922              	.L23:
  62:../sudoku_core.c **** }
 1923              		.loc 1 62 0
 1924 053c 0CD04BE2 		sub	sp, fp, #12
 1925 0540 00689DE8 		ldmfd	sp, {fp, sp, lr}
 1926 0544 1EFF2FE1 		bx	lr
 1927              		.cfi_endproc
 1928              	.LFE9:
 1930              		.align	2
 1931              		.global	candidatos_propagar_c
 1933              	candidatos_propagar_c:
 1934              	.LFB10:
  63:../sudoku_core.c **** 
  64:../sudoku_core.c **** void candidatos_propagar_c(CELDA grid[NUM_FILAS][NUM_COLUMNAS], uint8_t fila, uint8_t columna)
  65:../sudoku_core.c **** {
 1935              		.loc 1 65 0
 1936              		.cfi_startproc
 1937              		@ Function supports interworking.
 1938              		@ args = 0, pretend = 0, frame = 16
 1939              		@ frame_needed = 1, uses_anonymous_args = 0
 1940 0548 0DC0A0E1 		mov	ip, sp
 1941              	.LCFI20:
 1942              		.cfi_def_cfa_register 12
 1943 054c 00D82DE9 		stmfd	sp!, {fp, ip, lr, pc}
 1944 0550 04B04CE2 		sub	fp, ip, #4
 1945              		.cfi_offset 14, -8
 1946              		.cfi_offset 13, -12
 1947              		.cfi_offset 11, -16
 1948              	.LCFI21:
 1949              		.cfi_def_cfa 11, 4
 1950 0554 10D04DE2 		sub	sp, sp, #16
 1951 0558 18000BE5 		str	r0, [fp, #-24]
 1952 055c 0230A0E1 		mov	r3, r2
 1953 0560 0120A0E1 		mov	r2, r1
 1954 0564 19204BE5 		strb	r2, [fp, #-25]
 1955 0568 1A304BE5 		strb	r3, [fp, #-26]
  66:../sudoku_core.c ****     uint8_t valor = sudoku_leer_valor(grid,fila,columna);
 1956              		.loc 1 66 0
 1957 056c 19205BE5 		ldrb	r2, [fp, #-25]	@ zero_extendqisi2
 1958 0570 1A305BE5 		ldrb	r3, [fp, #-26]	@ zero_extendqisi2
 1959 0574 18001BE5 		ldr	r0, [fp, #-24]
 1960 0578 0210A0E1 		mov	r1, r2
 1961 057c 0320A0E1 		mov	r2, r3
 1962 0580 FEFFFFEB 		bl	sudoku_leer_valor
 1963 0584 0030A0E1 		mov	r3, r0
 1964 0588 11304BE5 		strb	r3, [fp, #-17]
  67:../sudoku_core.c ****     uint8_t c, f;
  68:../sudoku_core.c ****     uint8_t rf0, rc0, rf, rc;
  69:../sudoku_core.c **** 
  70:../sudoku_core.c ****     if (valor == 0) return;
 1965              		.loc 1 70 0
 1966 058c 11305BE5 		ldrb	r3, [fp, #-17]	@ zero_extendqisi2
 1967 0590 000053E3 		cmp	r3, #0
 1968 0594 5100000A 		beq	.L44
 1969              	.L30:
  71:../sudoku_core.c **** 
  72:../sudoku_core.c ****     /* Fila y columna */
  73:../sudoku_core.c ****     for (c = 0; c < NUM_COLUMNAS; ++c) if (c != columna) eliminar_en_celda(grid, fila, c, valor);
 1970              		.loc 1 73 0
 1971 0598 0030A0E3 		mov	r3, #0
 1972 059c 0D304BE5 		strb	r3, [fp, #-13]
 1973 05a0 0B0000EA 		b	.L32
 1974              	.L34:
 1975              		.loc 1 73 0 is_stmt 0 discriminator 2
 1976 05a4 0D205BE5 		ldrb	r2, [fp, #-13]	@ zero_extendqisi2
 1977 05a8 1A305BE5 		ldrb	r3, [fp, #-26]	@ zero_extendqisi2
 1978 05ac 030052E1 		cmp	r2, r3
 1979 05b0 0400000A 		beq	.L33
 1980              		.loc 1 73 0 discriminator 1
 1981 05b4 19105BE5 		ldrb	r1, [fp, #-25]	@ zero_extendqisi2
 1982 05b8 0D205BE5 		ldrb	r2, [fp, #-13]	@ zero_extendqisi2
 1983 05bc 11305BE5 		ldrb	r3, [fp, #-17]	@ zero_extendqisi2
 1984 05c0 18001BE5 		ldr	r0, [fp, #-24]
 1985 05c4 B1FFFFEB 		bl	eliminar_en_celda
 1986              	.L33:
 1987              		.loc 1 73 0 discriminator 2
 1988 05c8 0D305BE5 		ldrb	r3, [fp, #-13]
 1989 05cc 013083E2 		add	r3, r3, #1
 1990 05d0 0D304BE5 		strb	r3, [fp, #-13]
 1991              	.L32:
 1992              		.loc 1 73 0 discriminator 1
 1993 05d4 0D305BE5 		ldrb	r3, [fp, #-13]	@ zero_extendqisi2
 1994 05d8 080053E3 		cmp	r3, #8
 1995 05dc F0FFFF9A 		bls	.L34
  74:../sudoku_core.c ****     for (f = 0; f < NUM_FILAS;    ++f) if (f != fila)     eliminar_en_celda(grid, f, columna, valor
 1996              		.loc 1 74 0 is_stmt 1
 1997 05e0 0030A0E3 		mov	r3, #0
 1998 05e4 0E304BE5 		strb	r3, [fp, #-14]
 1999 05e8 0B0000EA 		b	.L35
 2000              	.L37:
 2001              		.loc 1 74 0 is_stmt 0 discriminator 2
 2002 05ec 0E205BE5 		ldrb	r2, [fp, #-14]	@ zero_extendqisi2
 2003 05f0 19305BE5 		ldrb	r3, [fp, #-25]	@ zero_extendqisi2
 2004 05f4 030052E1 		cmp	r2, r3
 2005 05f8 0400000A 		beq	.L36
 2006              		.loc 1 74 0 discriminator 1
 2007 05fc 0E105BE5 		ldrb	r1, [fp, #-14]	@ zero_extendqisi2
 2008 0600 1A205BE5 		ldrb	r2, [fp, #-26]	@ zero_extendqisi2
 2009 0604 11305BE5 		ldrb	r3, [fp, #-17]	@ zero_extendqisi2
 2010 0608 18001BE5 		ldr	r0, [fp, #-24]
 2011 060c 9FFFFFEB 		bl	eliminar_en_celda
 2012              	.L36:
 2013              		.loc 1 74 0 discriminator 2
 2014 0610 0E305BE5 		ldrb	r3, [fp, #-14]
 2015 0614 013083E2 		add	r3, r3, #1
 2016 0618 0E304BE5 		strb	r3, [fp, #-14]
 2017              	.L35:
 2018              		.loc 1 74 0 discriminator 1
 2019 061c 0E305BE5 		ldrb	r3, [fp, #-14]	@ zero_extendqisi2
 2020 0620 080053E3 		cmp	r3, #8
 2021 0624 F0FFFF9A 		bls	.L37
  75:../sudoku_core.c **** 
  76:../sudoku_core.c ****     /* Región 3x3 */
  77:../sudoku_core.c ****     rf0 = init_region[fila];
 2022              		.loc 1 77 0 is_stmt 1
 2023 0628 19305BE5 		ldrb	r3, [fp, #-25]	@ zero_extendqisi2
 2024 062c BC209FE5 		ldr	r2, .L45
 2025 0630 0330D2E7 		ldrb	r3, [r2, r3]
 2026 0634 12304BE5 		strb	r3, [fp, #-18]
  78:../sudoku_core.c ****     rc0 = init_region[columna];
 2027              		.loc 1 78 0
 2028 0638 1A305BE5 		ldrb	r3, [fp, #-26]	@ zero_extendqisi2
 2029 063c AC209FE5 		ldr	r2, .L45
 2030 0640 0330D2E7 		ldrb	r3, [r2, r3]
 2031 0644 13304BE5 		strb	r3, [fp, #-19]
  79:../sudoku_core.c ****     for (rf = rf0; rf < (uint8_t)(rf0 + 3); ++rf)
 2032              		.loc 1 79 0
 2033 0648 12305BE5 		ldrb	r3, [fp, #-18]
 2034 064c 0F304BE5 		strb	r3, [fp, #-15]
 2035 0650 1B0000EA 		b	.L38
 2036              	.L43:
  80:../sudoku_core.c ****         for (rc = rc0; rc < (uint8_t)(rc0 + 3); ++rc)
 2037              		.loc 1 80 0
 2038 0654 13305BE5 		ldrb	r3, [fp, #-19]
 2039 0658 10304BE5 		strb	r3, [fp, #-16]
 2040 065c 0F0000EA 		b	.L39
 2041              	.L42:
  81:../sudoku_core.c ****             if (!(rf == fila && rc == columna))
 2042              		.loc 1 81 0
 2043 0660 0F205BE5 		ldrb	r2, [fp, #-15]	@ zero_extendqisi2
 2044 0664 19305BE5 		ldrb	r3, [fp, #-25]	@ zero_extendqisi2
 2045 0668 030052E1 		cmp	r2, r3
 2046 066c 0300001A 		bne	.L40
 2047              		.loc 1 81 0 is_stmt 0 discriminator 1
 2048 0670 10205BE5 		ldrb	r2, [fp, #-16]	@ zero_extendqisi2
 2049 0674 1A305BE5 		ldrb	r3, [fp, #-26]	@ zero_extendqisi2
 2050 0678 030052E1 		cmp	r2, r3
 2051 067c 0400000A 		beq	.L41
 2052              	.L40:
  82:../sudoku_core.c ****                 eliminar_en_celda(grid, rf, rc, valor);
 2053              		.loc 1 82 0 is_stmt 1
 2054 0680 0F105BE5 		ldrb	r1, [fp, #-15]	@ zero_extendqisi2
 2055 0684 10205BE5 		ldrb	r2, [fp, #-16]	@ zero_extendqisi2
 2056 0688 11305BE5 		ldrb	r3, [fp, #-17]	@ zero_extendqisi2
 2057 068c 18001BE5 		ldr	r0, [fp, #-24]
 2058 0690 7EFFFFEB 		bl	eliminar_en_celda
 2059              	.L41:
  80:../sudoku_core.c ****         for (rc = rc0; rc < (uint8_t)(rc0 + 3); ++rc)
 2060              		.loc 1 80 0
 2061 0694 10305BE5 		ldrb	r3, [fp, #-16]
 2062 0698 013083E2 		add	r3, r3, #1
 2063 069c 10304BE5 		strb	r3, [fp, #-16]
 2064              	.L39:
  80:../sudoku_core.c ****         for (rc = rc0; rc < (uint8_t)(rc0 + 3); ++rc)
 2065              		.loc 1 80 0 is_stmt 0 discriminator 1
 2066 06a0 13305BE5 		ldrb	r3, [fp, #-19]
 2067 06a4 033083E2 		add	r3, r3, #3
 2068 06a8 FF3003E2 		and	r3, r3, #255
 2069 06ac 10205BE5 		ldrb	r2, [fp, #-16]	@ zero_extendqisi2
 2070 06b0 030052E1 		cmp	r2, r3
 2071 06b4 E9FFFF3A 		bcc	.L42
  79:../sudoku_core.c ****     for (rf = rf0; rf < (uint8_t)(rf0 + 3); ++rf)
 2072              		.loc 1 79 0 is_stmt 1
 2073 06b8 0F305BE5 		ldrb	r3, [fp, #-15]
 2074 06bc 013083E2 		add	r3, r3, #1
 2075 06c0 0F304BE5 		strb	r3, [fp, #-15]
 2076              	.L38:
  79:../sudoku_core.c ****     for (rf = rf0; rf < (uint8_t)(rf0 + 3); ++rf)
 2077              		.loc 1 79 0 is_stmt 0 discriminator 1
 2078 06c4 12305BE5 		ldrb	r3, [fp, #-18]
 2079 06c8 033083E2 		add	r3, r3, #3
 2080 06cc FF3003E2 		and	r3, r3, #255
 2081 06d0 0F205BE5 		ldrb	r2, [fp, #-15]	@ zero_extendqisi2
 2082 06d4 030052E1 		cmp	r2, r3
 2083 06d8 DDFFFF3A 		bcc	.L43
 2084 06dc 000000EA 		b	.L29
 2085              	.L44:
  70:../sudoku_core.c ****     if (valor == 0) return;
 2086              		.loc 1 70 0 is_stmt 1
 2087 06e0 0000A0E1 		mov	r0, r0	@ nop
 2088              	.L29:
  83:../sudoku_core.c **** }
 2089              		.loc 1 83 0
 2090 06e4 0CD04BE2 		sub	sp, fp, #12
 2091 06e8 00689DE8 		ldmfd	sp, {fp, sp, lr}
 2092 06ec 1EFF2FE1 		bx	lr
 2093              	.L46:
 2094              		.align	2
 2095              	.L45:
 2096 06f0 00000000 		.word	init_region
 2097              		.cfi_endproc
 2098              	.LFE10:
 2100              		.align	2
 2101              		.global	candidatos_actualizar_c
 2103              	candidatos_actualizar_c:
 2104              	.LFB11:
  84:../sudoku_core.c **** 
  85:../sudoku_core.c **** int candidatos_actualizar_c(CELDA grid[NUM_FILAS][NUM_COLUMNAS])
  86:../sudoku_core.c **** {
 2105              		.loc 1 86 0
 2106              		.cfi_startproc
 2107              		@ Function supports interworking.
 2108              		@ args = 0, pretend = 0, frame = 16
 2109              		@ frame_needed = 1, uses_anonymous_args = 0
 2110 06f4 0DC0A0E1 		mov	ip, sp
 2111              	.LCFI22:
 2112              		.cfi_def_cfa_register 12
 2113 06f8 00D82DE9 		stmfd	sp!, {fp, ip, lr, pc}
 2114 06fc 04B04CE2 		sub	fp, ip, #4
 2115              		.cfi_offset 14, -8
 2116              		.cfi_offset 13, -12
 2117              		.cfi_offset 11, -16
 2118              	.LCFI23:
 2119              		.cfi_def_cfa 11, 4
 2120 0700 10D04DE2 		sub	sp, sp, #16
 2121 0704 18000BE5 		str	r0, [fp, #-24]
  87:../sudoku_core.c ****     int vacias = 0;
 2122              		.loc 1 87 0
 2123 0708 0030A0E3 		mov	r3, #0
 2124 070c 10300BE5 		str	r3, [fp, #-16]
  88:../sudoku_core.c ****     uint8_t f, c;
  89:../sudoku_core.c **** 
  90:../sudoku_core.c ****     for (f = 0; f < NUM_FILAS; ++f) {
 2125              		.loc 1 90 0
 2126 0710 0030A0E3 		mov	r3, #0
 2127 0714 11304BE5 		strb	r3, [fp, #-17]
 2128 0718 4D0000EA 		b	.L48
 2129              	.L53:
  91:../sudoku_core.c ****         for (c = 0; c < NUM_COLUMNAS; ++c) {
 2130              		.loc 1 91 0
 2131 071c 0030A0E3 		mov	r3, #0
 2132 0720 12304BE5 		strb	r3, [fp, #-18]
 2133 0724 440000EA 		b	.L49
 2134              	.L52:
 2135              	.LBB2:
  92:../sudoku_core.c ****             uint8_t val = sudoku_leer_valor(grid,f,c);
 2136              		.loc 1 92 0
 2137 0728 11205BE5 		ldrb	r2, [fp, #-17]	@ zero_extendqisi2
 2138 072c 12305BE5 		ldrb	r3, [fp, #-18]	@ zero_extendqisi2
 2139 0730 18001BE5 		ldr	r0, [fp, #-24]
 2140 0734 0210A0E1 		mov	r1, r2
 2141 0738 0320A0E1 		mov	r2, r3
 2142 073c FEFFFFEB 		bl	sudoku_leer_valor
 2143 0740 0030A0E1 		mov	r3, r0
 2144 0744 13304BE5 		strb	r3, [fp, #-19]
  93:../sudoku_core.c ****             if (val == 0) {
 2145              		.loc 1 93 0
 2146 0748 13305BE5 		ldrb	r3, [fp, #-19]	@ zero_extendqisi2
 2147 074c 000053E3 		cmp	r3, #0
 2148 0750 1C00001A 		bne	.L50
  94:../sudoku_core.c ****                 /* limpiar bits candidatos (7..15) */
  95:../sudoku_core.c ****                 grid[f][c] &= 0x007Fu;
 2149              		.loc 1 95 0
 2150 0754 11205BE5 		ldrb	r2, [fp, #-17]	@ zero_extendqisi2
 2151 0758 0230A0E1 		mov	r3, r2
 2152 075c 8331A0E1 		mov	r3, r3, asl #3
 2153 0760 023083E0 		add	r3, r3, r2
 2154 0764 8330A0E1 		mov	r3, r3, asl #1
 2155 0768 18201BE5 		ldr	r2, [fp, #-24]
 2156 076c 031082E0 		add	r1, r2, r3
 2157 0770 12005BE5 		ldrb	r0, [fp, #-18]	@ zero_extendqisi2
 2158 0774 11205BE5 		ldrb	r2, [fp, #-17]	@ zero_extendqisi2
 2159 0778 0230A0E1 		mov	r3, r2
 2160 077c 8331A0E1 		mov	r3, r3, asl #3
 2161 0780 023083E0 		add	r3, r3, r2
 2162 0784 8330A0E1 		mov	r3, r3, asl #1
 2163 0788 18201BE5 		ldr	r2, [fp, #-24]
 2164 078c 032082E0 		add	r2, r2, r3
 2165 0790 12305BE5 		ldrb	r3, [fp, #-18]	@ zero_extendqisi2
 2166 0794 8330A0E1 		mov	r3, r3, asl #1
 2167 0798 033082E0 		add	r3, r2, r3
 2168 079c B030D3E1 		ldrh	r3, [r3, #0]
 2169 07a0 7F3003E2 		and	r3, r3, #127
 2170 07a4 0338A0E1 		mov	r3, r3, asl #16
 2171 07a8 2328A0E1 		mov	r2, r3, lsr #16
 2172 07ac 8030A0E1 		mov	r3, r0, asl #1
 2173 07b0 033081E0 		add	r3, r1, r3
 2174 07b4 B020C3E1 		strh	r2, [r3, #0]	@ movhi
  96:../sudoku_core.c ****                 vacias++;
 2175              		.loc 1 96 0
 2176 07b8 10301BE5 		ldr	r3, [fp, #-16]
 2177 07bc 013083E2 		add	r3, r3, #1
 2178 07c0 10300BE5 		str	r3, [fp, #-16]
 2179 07c4 190000EA 		b	.L51
 2180              	.L50:
  97:../sudoku_core.c ****             } else {
  98:../sudoku_core.c ****                 grid[f][c] |= 0xFF80u;
 2181              		.loc 1 98 0
 2182 07c8 11205BE5 		ldrb	r2, [fp, #-17]	@ zero_extendqisi2
 2183 07cc 0230A0E1 		mov	r3, r2
 2184 07d0 8331A0E1 		mov	r3, r3, asl #3
 2185 07d4 023083E0 		add	r3, r3, r2
 2186 07d8 8330A0E1 		mov	r3, r3, asl #1
 2187 07dc 18201BE5 		ldr	r2, [fp, #-24]
 2188 07e0 031082E0 		add	r1, r2, r3
 2189 07e4 12005BE5 		ldrb	r0, [fp, #-18]	@ zero_extendqisi2
 2190 07e8 11205BE5 		ldrb	r2, [fp, #-17]	@ zero_extendqisi2
 2191 07ec 0230A0E1 		mov	r3, r2
 2192 07f0 8331A0E1 		mov	r3, r3, asl #3
 2193 07f4 023083E0 		add	r3, r3, r2
 2194 07f8 8330A0E1 		mov	r3, r3, asl #1
 2195 07fc 18201BE5 		ldr	r2, [fp, #-24]
 2196 0800 032082E0 		add	r2, r2, r3
 2197 0804 12305BE5 		ldrb	r3, [fp, #-18]	@ zero_extendqisi2
 2198 0808 8330A0E1 		mov	r3, r3, asl #1
 2199 080c 033082E0 		add	r3, r2, r3
 2200 0810 B030D3E1 		ldrh	r3, [r3, #0]
 2201 0814 833CE0E1 		mvn	r3, r3, asl #25
 2202 0818 A33CE0E1 		mvn	r3, r3, lsr #25
 2203 081c 0338A0E1 		mov	r3, r3, asl #16
 2204 0820 2328A0E1 		mov	r2, r3, lsr #16
 2205 0824 8030A0E1 		mov	r3, r0, asl #1
 2206 0828 033081E0 		add	r3, r1, r3
 2207 082c B020C3E1 		strh	r2, [r3, #0]	@ movhi
 2208              	.L51:
 2209              	.LBE2:
  91:../sudoku_core.c ****         for (c = 0; c < NUM_COLUMNAS; ++c) {
 2210              		.loc 1 91 0
 2211 0830 12305BE5 		ldrb	r3, [fp, #-18]
 2212 0834 013083E2 		add	r3, r3, #1
 2213 0838 12304BE5 		strb	r3, [fp, #-18]
 2214              	.L49:
  91:../sudoku_core.c ****         for (c = 0; c < NUM_COLUMNAS; ++c) {
 2215              		.loc 1 91 0 is_stmt 0 discriminator 1
 2216 083c 12305BE5 		ldrb	r3, [fp, #-18]	@ zero_extendqisi2
 2217 0840 080053E3 		cmp	r3, #8
 2218 0844 B7FFFF9A 		bls	.L52
  90:../sudoku_core.c ****     for (f = 0; f < NUM_FILAS; ++f) {
 2219              		.loc 1 90 0 is_stmt 1
 2220 0848 11305BE5 		ldrb	r3, [fp, #-17]
 2221 084c 013083E2 		add	r3, r3, #1
 2222 0850 11304BE5 		strb	r3, [fp, #-17]
 2223              	.L48:
  90:../sudoku_core.c ****     for (f = 0; f < NUM_FILAS; ++f) {
 2224              		.loc 1 90 0 is_stmt 0 discriminator 1
 2225 0854 11305BE5 		ldrb	r3, [fp, #-17]	@ zero_extendqisi2
 2226 0858 080053E3 		cmp	r3, #8
 2227 085c AEFFFF9A 		bls	.L53
  99:../sudoku_core.c ****             }
 100:../sudoku_core.c ****         }
 101:../sudoku_core.c ****     }
 102:../sudoku_core.c **** 
 103:../sudoku_core.c ****     /* Propagar valores fijados */
 104:../sudoku_core.c ****     for (f = 0; f < NUM_FILAS; ++f) {
 2228              		.loc 1 104 0 is_stmt 1
 2229 0860 0030A0E3 		mov	r3, #0
 2230 0864 11304BE5 		strb	r3, [fp, #-17]
 2231 0868 1A0000EA 		b	.L54
 2232              	.L58:
 105:../sudoku_core.c ****         for (c = 0; c < NUM_COLUMNAS; ++c) {
 2233              		.loc 1 105 0
 2234 086c 0030A0E3 		mov	r3, #0
 2235 0870 12304BE5 		strb	r3, [fp, #-18]
 2236 0874 110000EA 		b	.L55
 2237              	.L57:
 106:../sudoku_core.c ****             if (sudoku_leer_valor(grid,f,c) != 0) {
 2238              		.loc 1 106 0
 2239 0878 11205BE5 		ldrb	r2, [fp, #-17]	@ zero_extendqisi2
 2240 087c 12305BE5 		ldrb	r3, [fp, #-18]	@ zero_extendqisi2
 2241 0880 18001BE5 		ldr	r0, [fp, #-24]
 2242 0884 0210A0E1 		mov	r1, r2
 2243 0888 0320A0E1 		mov	r2, r3
 2244 088c FEFFFFEB 		bl	sudoku_leer_valor
 2245 0890 0030A0E1 		mov	r3, r0
 2246 0894 000053E3 		cmp	r3, #0
 2247 0898 0500000A 		beq	.L56
 107:../sudoku_core.c ****                 candidatos_propagar_c(grid, f, c);
 2248              		.loc 1 107 0
 2249 089c 11205BE5 		ldrb	r2, [fp, #-17]	@ zero_extendqisi2
 2250 08a0 12305BE5 		ldrb	r3, [fp, #-18]	@ zero_extendqisi2
 2251 08a4 18001BE5 		ldr	r0, [fp, #-24]
 2252 08a8 0210A0E1 		mov	r1, r2
 2253 08ac 0320A0E1 		mov	r2, r3
 2254 08b0 FEFFFFEB 		bl	candidatos_propagar_c
 2255              	.L56:
 105:../sudoku_core.c ****         for (c = 0; c < NUM_COLUMNAS; ++c) {
 2256              		.loc 1 105 0
 2257 08b4 12305BE5 		ldrb	r3, [fp, #-18]
 2258 08b8 013083E2 		add	r3, r3, #1
 2259 08bc 12304BE5 		strb	r3, [fp, #-18]
 2260              	.L55:
 105:../sudoku_core.c ****         for (c = 0; c < NUM_COLUMNAS; ++c) {
 2261              		.loc 1 105 0 is_stmt 0 discriminator 1
 2262 08c0 12305BE5 		ldrb	r3, [fp, #-18]	@ zero_extendqisi2
 2263 08c4 080053E3 		cmp	r3, #8
 2264 08c8 EAFFFF9A 		bls	.L57
 104:../sudoku_core.c ****     for (f = 0; f < NUM_FILAS; ++f) {
 2265              		.loc 1 104 0 is_stmt 1
 2266 08cc 11305BE5 		ldrb	r3, [fp, #-17]
 2267 08d0 013083E2 		add	r3, r3, #1
 2268 08d4 11304BE5 		strb	r3, [fp, #-17]
 2269              	.L54:
 104:../sudoku_core.c ****     for (f = 0; f < NUM_FILAS; ++f) {
 2270              		.loc 1 104 0 is_stmt 0 discriminator 1
 2271 08d8 11305BE5 		ldrb	r3, [fp, #-17]	@ zero_extendqisi2
 2272 08dc 080053E3 		cmp	r3, #8
 2273 08e0 E1FFFF9A 		bls	.L58
 108:../sudoku_core.c ****             }
 109:../sudoku_core.c ****         }
 110:../sudoku_core.c ****     }
 111:../sudoku_core.c **** 
 112:../sudoku_core.c ****     return vacias;
 2274              		.loc 1 112 0 is_stmt 1
 2275 08e4 10301BE5 		ldr	r3, [fp, #-16]
 113:../sudoku_core.c **** }
 2276              		.loc 1 113 0
 2277 08e8 0300A0E1 		mov	r0, r3
 2278 08ec 0CD04BE2 		sub	sp, fp, #12
 2279 08f0 00689DE8 		ldmfd	sp, {fp, sp, lr}
 2280 08f4 1EFF2FE1 		bx	lr
 2281              		.cfi_endproc
 2282              	.LFE11:
 2284              		.align	2
 2285              		.global	sudoku_verificar_candidatos
 2287              	sudoku_verificar_candidatos:
 2288              	.LFB12:
 114:../sudoku_core.c **** 
 115:../sudoku_core.c **** int sudoku_verificar_candidatos(CELDA grid[NUM_FILAS][NUM_COLUMNAS])
 116:../sudoku_core.c **** {
 2289              		.loc 1 116 0
 2290              		.cfi_startproc
 2291              		@ Function supports interworking.
 2292              		@ args = 0, pretend = 0, frame = 16
 2293              		@ frame_needed = 1, uses_anonymous_args = 0
 2294 08f8 0DC0A0E1 		mov	ip, sp
 2295              	.LCFI24:
 2296              		.cfi_def_cfa_register 12
 2297 08fc 00D82DE9 		stmfd	sp!, {fp, ip, lr, pc}
 2298 0900 04B04CE2 		sub	fp, ip, #4
 2299              		.cfi_offset 14, -8
 2300              		.cfi_offset 13, -12
 2301              		.cfi_offset 11, -16
 2302              	.LCFI25:
 2303              		.cfi_def_cfa 11, 4
 2304 0904 10D04DE2 		sub	sp, sp, #16
 2305 0908 18000BE5 		str	r0, [fp, #-24]
 117:../sudoku_core.c ****     uint8_t f, c;
 118:../sudoku_core.c ****     for (f = 0; f < NUM_FILAS; ++f) {
 2306              		.loc 1 118 0
 2307 090c 0030A0E3 		mov	r3, #0
 2308 0910 0D304BE5 		strb	r3, [fp, #-13]
 2309 0914 270000EA 		b	.L60
 2310              	.L65:
 119:../sudoku_core.c ****         for (c = 0; c < NUM_COLUMNAS; ++c) {
 2311              		.loc 1 119 0
 2312 0918 0030A0E3 		mov	r3, #0
 2313 091c 0E304BE5 		strb	r3, [fp, #-14]
 2314 0920 1E0000EA 		b	.L61
 2315              	.L64:
 120:../sudoku_core.c ****             if (sudoku_leer_valor(grid,f,c) == 0) {
 2316              		.loc 1 120 0
 2317 0924 0D205BE5 		ldrb	r2, [fp, #-13]	@ zero_extendqisi2
 2318 0928 0E305BE5 		ldrb	r3, [fp, #-14]	@ zero_extendqisi2
 2319 092c 18001BE5 		ldr	r0, [fp, #-24]
 2320 0930 0210A0E1 		mov	r1, r2
 2321 0934 0320A0E1 		mov	r2, r3
 2322 0938 FEFFFFEB 		bl	sudoku_leer_valor
 2323 093c 0030A0E1 		mov	r3, r0
 2324 0940 000053E3 		cmp	r3, #0
 2325 0944 1200001A 		bne	.L62
 2326              	.LBB3:
 121:../sudoku_core.c ****                 uint16_t bits = (uint16_t)((grid[f][c] >> BIT_CANDIDATOS) & 0x01FFu);
 2327              		.loc 1 121 0
 2328 0948 0D205BE5 		ldrb	r2, [fp, #-13]	@ zero_extendqisi2
 2329 094c 0230A0E1 		mov	r3, r2
 2330 0950 8331A0E1 		mov	r3, r3, asl #3
 2331 0954 023083E0 		add	r3, r3, r2
 2332 0958 8330A0E1 		mov	r3, r3, asl #1
 2333 095c 18201BE5 		ldr	r2, [fp, #-24]
 2334 0960 032082E0 		add	r2, r2, r3
 2335 0964 0E305BE5 		ldrb	r3, [fp, #-14]	@ zero_extendqisi2
 2336 0968 8330A0E1 		mov	r3, r3, asl #1
 2337 096c 033082E0 		add	r3, r2, r3
 2338 0970 B030D3E1 		ldrh	r3, [r3, #0]
 2339 0974 A333A0E1 		mov	r3, r3, lsr #7
 2340 0978 B0314BE1 		strh	r3, [fp, #-16]	@ movhi
 122:../sudoku_core.c ****                 if (bits == 0x01FFu) return 0; /* sin candidatos disponibles */
 2341              		.loc 1 122 0
 2342 097c B0215BE1 		ldrh	r2, [fp, #-16]
 2343 0980 50309FE5 		ldr	r3, .L66
 2344 0984 030052E1 		cmp	r2, r3
 2345 0988 0100001A 		bne	.L62
 2346              		.loc 1 122 0 is_stmt 0 discriminator 1
 2347 098c 0030A0E3 		mov	r3, #0
 2348 0990 0C0000EA 		b	.L63
 2349              	.L62:
 2350              	.LBE3:
 119:../sudoku_core.c ****         for (c = 0; c < NUM_COLUMNAS; ++c) {
 2351              		.loc 1 119 0 is_stmt 1
 2352 0994 0E305BE5 		ldrb	r3, [fp, #-14]
 2353 0998 013083E2 		add	r3, r3, #1
 2354 099c 0E304BE5 		strb	r3, [fp, #-14]
 2355              	.L61:
 119:../sudoku_core.c ****         for (c = 0; c < NUM_COLUMNAS; ++c) {
 2356              		.loc 1 119 0 is_stmt 0 discriminator 1
 2357 09a0 0E305BE5 		ldrb	r3, [fp, #-14]	@ zero_extendqisi2
 2358 09a4 080053E3 		cmp	r3, #8
 2359 09a8 DDFFFF9A 		bls	.L64
 118:../sudoku_core.c ****     for (f = 0; f < NUM_FILAS; ++f) {
 2360              		.loc 1 118 0 is_stmt 1
 2361 09ac 0D305BE5 		ldrb	r3, [fp, #-13]
 2362 09b0 013083E2 		add	r3, r3, #1
 2363 09b4 0D304BE5 		strb	r3, [fp, #-13]
 2364              	.L60:
 118:../sudoku_core.c ****     for (f = 0; f < NUM_FILAS; ++f) {
 2365              		.loc 1 118 0 is_stmt 0 discriminator 1
 2366 09b8 0D305BE5 		ldrb	r3, [fp, #-13]	@ zero_extendqisi2
 2367 09bc 080053E3 		cmp	r3, #8
 2368 09c0 D4FFFF9A 		bls	.L65
 123:../sudoku_core.c ****             }
 124:../sudoku_core.c ****         }
 125:../sudoku_core.c ****     }
 126:../sudoku_core.c ****     return 1;
 2369              		.loc 1 126 0 is_stmt 1
 2370 09c4 0130A0E3 		mov	r3, #1
 2371              	.L63:
 127:../sudoku_core.c **** }
 2372              		.loc 1 127 0
 2373 09c8 0300A0E1 		mov	r0, r3
 2374 09cc 0CD04BE2 		sub	sp, fp, #12
 2375 09d0 00689DE8 		ldmfd	sp, {fp, sp, lr}
 2376 09d4 1EFF2FE1 		bx	lr
 2377              	.L67:
 2378              		.align	2
 2379              	.L66:
 2380 09d8 FF010000 		.word	511
 2381              		.cfi_endproc
 2382              	.LFE12:
 2384              		.align	2
 2385              		.global	sudoku_invariant_ok
 2387              	sudoku_invariant_ok:
 2388              	.LFB13:
 128:../sudoku_core.c **** 
 129:../sudoku_core.c **** int sudoku_invariant_ok(CELDA grid[NUM_FILAS][NUM_COLUMNAS])
 130:../sudoku_core.c **** {
 2389              		.loc 1 130 0
 2390              		.cfi_startproc
 2391              		@ Function supports interworking.
 2392              		@ args = 0, pretend = 0, frame = 8
 2393              		@ frame_needed = 1, uses_anonymous_args = 0
 2394 09dc 0DC0A0E1 		mov	ip, sp
 2395              	.LCFI26:
 2396              		.cfi_def_cfa_register 12
 2397 09e0 00D82DE9 		stmfd	sp!, {fp, ip, lr, pc}
 2398 09e4 04B04CE2 		sub	fp, ip, #4
 2399              		.cfi_offset 14, -8
 2400              		.cfi_offset 13, -12
 2401              		.cfi_offset 11, -16
 2402              	.LCFI27:
 2403              		.cfi_def_cfa 11, 4
 2404 09e8 08D04DE2 		sub	sp, sp, #8
 2405 09ec 10000BE5 		str	r0, [fp, #-16]
 131:../sudoku_core.c ****     /* Igual que sudoku_verificar_candidatos pero semánticamente claro */
 132:../sudoku_core.c ****     return sudoku_verificar_candidatos(grid);
 2406              		.loc 1 132 0
 2407 09f0 10001BE5 		ldr	r0, [fp, #-16]
 2408 09f4 FEFFFFEB 		bl	sudoku_verificar_candidatos
 2409 09f8 0030A0E1 		mov	r3, r0
 133:../sudoku_core.c **** }
 2410              		.loc 1 133 0
 2411 09fc 0300A0E1 		mov	r0, r3
 2412 0a00 0CD04BE2 		sub	sp, fp, #12
 2413 0a04 00689DE8 		ldmfd	sp, {fp, sp, lr}
 2414 0a08 1EFF2FE1 		bx	lr
 2415              		.cfi_endproc
 2416              	.LFE13:
 2418              	.Letext0:
DEFINED SYMBOLS
                            *ABS*:00000000 sudoku_core.c
C:\Users\jorge\AppData\Local\Temp\ccblunHn.s:1237   .text:00000000 $a
C:\Users\jorge\AppData\Local\Temp\ccblunHn.s:1239   .text:00000000 celda_eliminar_candidato
C:\Users\jorge\AppData\Local\Temp\ccblunHn.s:1292   .text:00000074 celda_poner_valor
C:\Users\jorge\AppData\Local\Temp\ccblunHn.s:1339   .text:000000dc celda_leer_valor
C:\Users\jorge\AppData\Local\Temp\ccblunHn.s:1373   .rodata:00000000 $d
C:\Users\jorge\AppData\Local\Temp\ccblunHn.s:1376   .rodata:00000000 init_region
C:\Users\jorge\AppData\Local\Temp\ccblunHn.s:1389   .rodata:0000000c tablero_inicial
C:\Users\jorge\AppData\Local\Temp\ccblunHn.s:1475   .text:00000114 sudoku_cargar_tablero
C:\Users\jorge\AppData\Local\Temp\ccblunHn.s:1552   .text:000001d0 $d
C:\Users\jorge\AppData\Local\Temp\ccblunHn.s:1556   .text:000001d4 $a
C:\Users\jorge\AppData\Local\Temp\ccblunHn.s:1559   .text:000001d4 sudoku_es_pista
C:\Users\jorge\AppData\Local\Temp\ccblunHn.s:1609   .text:00000244 sudoku_leer_valor
C:\Users\jorge\AppData\Local\Temp\ccblunHn.s:1658   .text:000002b0 sudoku_escribir_valor
C:\Users\jorge\AppData\Local\Temp\ccblunHn.s:1726   .text:00000350 sudoku_marcar_error
C:\Users\jorge\AppData\Local\Temp\ccblunHn.s:1785   .text:000003e4 sudoku_val_es_candidato
C:\Users\jorge\AppData\Local\Temp\ccblunHn.s:1856   .text:00000490 eliminar_en_celda
C:\Users\jorge\AppData\Local\Temp\ccblunHn.s:1933   .text:00000548 candidatos_propagar_c
C:\Users\jorge\AppData\Local\Temp\ccblunHn.s:2096   .text:000006f0 $d
C:\Users\jorge\AppData\Local\Temp\ccblunHn.s:2100   .text:000006f4 $a
C:\Users\jorge\AppData\Local\Temp\ccblunHn.s:2103   .text:000006f4 candidatos_actualizar_c
C:\Users\jorge\AppData\Local\Temp\ccblunHn.s:2287   .text:000008f8 sudoku_verificar_candidatos
C:\Users\jorge\AppData\Local\Temp\ccblunHn.s:2380   .text:000009d8 $d
C:\Users\jorge\AppData\Local\Temp\ccblunHn.s:2384   .text:000009dc $a
C:\Users\jorge\AppData\Local\Temp\ccblunHn.s:2387   .text:000009dc sudoku_invariant_ok
                     .debug_frame:00000010 $d

NO UNDEFINED SYMBOLS
